


ARM Macro Assembler    Page 1 


    1 00000000         ; gpio.s
    2 00000000         ; Desenvolvido para a placa EK-TM4C1294XL
    3 00000000         ; Prof. Guilherme Peron
    4 00000000         ; 24/08/2020
    5 00000000         
    6 00000000         ; ------------------------------------------------------
                       -------------------------
    7 00000000                 THUMB                        ; Instruções do tip
                                                            o Thumb-2
    8 00000000         ; ------------------------------------------------------
                       -------------------------
    9 00000000         ; Declarações EQU - Defines
   10 00000000         ; ========================
   11 00000000         ; Definições de Valores
   12 00000000 00000001 
                       BIT0    EQU              2_0001
   13 00000000 00000002 
                       BIT1    EQU              2_0010
   14 00000000         ; ========================
   15 00000000         ; Definições dos Registradores Gerais
   16 00000000 400FE608 
                       SYSCTL_RCGCGPIO_R
                               EQU              0x400FE608
   17 00000000 400FEA08 
                       SYSCTL_PRGPIO_R
                               EQU              0x400FEA08
   18 00000000         
   19 00000000         ; ========================
   20 00000000         ; NVIC
   21 00000000 E000E104 
                       NVIC_EN1_R
                               EQU              0xE000E104
   22 00000000 E000E430 
                       NVIC_PRI12_R
                               EQU              0xE000E430
   23 00000000         
   24 00000000         ; ========================
   25 00000000         ; Definições dos Ports
   26 00000000         ; PORT A = DISPLAYS PA4 a PA7 e LEDS PA4 a PA7 da PAT
   27 00000000 40058000 
                       GPIO_PORTA_AHB_DATA_BITS_R
                               EQU              0x40058000
   28 00000000 400583FC 
                       GPIO_PORTA_AHB_DATA_R
                               EQU              0x400583FC
   29 00000000 40058400 
                       GPIO_PORTA_AHB_DIR_R
                               EQU              0x40058400
   30 00000000 40058420 
                       GPIO_PORTA_AHB_AFSEL_R
                               EQU              0x40058420
   31 00000000 40058510 
                       GPIO_PORTA_AHB_PUR_R
                               EQU              0x40058510
   32 00000000 4005851C 
                       GPIO_PORTA_AHB_DEN_R
                               EQU              0x4005851C
   33 00000000 40058520 
                       GPIO_PORTA_AHB_LOCK_R



ARM Macro Assembler    Page 2 


                               EQU              0x40058520
   34 00000000 40058524 
                       GPIO_PORTA_AHB_CR_R
                               EQU              0x40058524
   35 00000000 40058528 
                       GPIO_PORTA_AHB_AMSEL_R
                               EQU              0x40058528
   36 00000000 4005852C 
                       GPIO_PORTA_AHB_PCTL_R
                               EQU              0x4005852C
   37 00000000 00000001 
                       GPIO_PORTA
                               EQU              2_000000000000001
   38 00000000         
   39 00000000         ; PORT B = TRANSISTOR PAT = Q2 e Q3
   40 00000000 40059000 
                       GPIO_PORTB_AHB_DATA_BITS_R
                               EQU              0x40059000
   41 00000000 400593FC 
                       GPIO_PORTB_AHB_DATA_R
                               EQU              0x400593FC
   42 00000000 40059400 
                       GPIO_PORTB_AHB_DIR_R
                               EQU              0x40059400
   43 00000000 40059420 
                       GPIO_PORTB_AHB_AFSEL_R
                               EQU              0x40059420
   44 00000000 40059510 
                       GPIO_PORTB_AHB_PUR_R
                               EQU              0x40059510
   45 00000000 4005951C 
                       GPIO_PORTB_AHB_DEN_R
                               EQU              0x4005951C
   46 00000000 40059520 
                       GPIO_PORTB_AHB_LOCK_R
                               EQU              0x40059520
   47 00000000 40059524 
                       GPIO_PORTB_AHB_CR_R
                               EQU              0x40059524
   48 00000000 40059528 
                       GPIO_PORTB_AHB_AMSEL_R
                               EQU              0x40059528
   49 00000000 4005952C 
                       GPIO_PORTB_AHB_PCTL_R
                               EQU              0x4005952C
   50 00000000 00000002 
                       GPIO_PORTB
                               EQU              2_000000000000010
   51 00000000         
   52 00000000         ; PORT J = SWITCH 1 e 2
   53 00000000 40060404 
                       GPIO_PORTJ_IS_R
                               EQU              0x40060404
   54 00000000 40060408 
                       GPIO_PORTJ_IBE_R
                               EQU              0x40060408
   55 00000000 4006040C 
                       GPIO_PORTJ_IEV_R
                               EQU              0x4006040C



ARM Macro Assembler    Page 3 


   56 00000000 40060410 
                       GPIO_PORTJ_IM_R
                               EQU              0x40060410
   57 00000000 40060414 
                       GPIO_PORTJ_RIS_R
                               EQU              0x40060414
   58 00000000 4006041C 
                       GPIO_PORTJ_ICR_R
                               EQU              0x4006041C
   59 00000000 40060520 
                       GPIO_PORTJ_LOCK_R
                               EQU              0x40060520
   60 00000000 40060520 
                       GPIO_PORTJ_AHB_LOCK_R
                               EQU              0x40060520
   61 00000000 40060524 
                       GPIO_PORTJ_AHB_CR_R
                               EQU              0x40060524
   62 00000000 40060528 
                       GPIO_PORTJ_AHB_AMSEL_R
                               EQU              0x40060528
   63 00000000 4006052C 
                       GPIO_PORTJ_AHB_PCTL_R
                               EQU              0x4006052C
   64 00000000 40060400 
                       GPIO_PORTJ_AHB_DIR_R
                               EQU              0x40060400
   65 00000000 40060420 
                       GPIO_PORTJ_AHB_AFSEL_R
                               EQU              0x40060420
   66 00000000 4006051C 
                       GPIO_PORTJ_AHB_DEN_R
                               EQU              0x4006051C
   67 00000000 40060510 
                       GPIO_PORTJ_AHB_PUR_R
                               EQU              0x40060510
   68 00000000 400603FC 
                       GPIO_PORTJ_AHB_DATA_R
                               EQU              0x400603FC
   69 00000000 40060000 
                       GPIO_PORTJ_AHB_DATA_BITS_R
                               EQU              0x40060000
   70 00000000 00000100 
                       GPIO_PORTJ
                               EQU              2_000000100000000
   71 00000000         
   72 00000000         ; PORT N = LEDS 1 E 2
   73 00000000 40064520 
                       GPIO_PORTN_LOCK_R
                               EQU              0x40064520
   74 00000000 40064524 
                       GPIO_PORTN_CR_R
                               EQU              0x40064524
   75 00000000 40064528 
                       GPIO_PORTN_AMSEL_R
                               EQU              0x40064528
   76 00000000 4006452C 
                       GPIO_PORTN_PCTL_R
                               EQU              0x4006452C



ARM Macro Assembler    Page 4 


   77 00000000 40064400 
                       GPIO_PORTN_DIR_R
                               EQU              0x40064400
   78 00000000 40064420 
                       GPIO_PORTN_AFSEL_R
                               EQU              0x40064420
   79 00000000 4006451C 
                       GPIO_PORTN_DEN_R
                               EQU              0x4006451C
   80 00000000 40064510 
                       GPIO_PORTN_PUR_R
                               EQU              0x40064510
   81 00000000 400643FC 
                       GPIO_PORTN_DATA_R
                               EQU              0x400643FC
   82 00000000 40064000 
                       GPIO_PORTN_DATA_BITS_R
                               EQU              0x40064000
   83 00000000 00001000 
                       GPIO_PORTN
                               EQU              2_001000000000000
   84 00000000         
   85 00000000         ; PORT P = TRANSISTOR PP5 = Q1 da PAT
   86 00000000 40065000 
                       GPIO_PORTP_DATA_BITS_R
                               EQU              0x40065000
   87 00000000 400653FC 
                       GPIO_PORTP_DATA_R
                               EQU              0x400653FC
   88 00000000 40065400 
                       GPIO_PORTP_DIR_R
                               EQU              0x40065400
   89 00000000 40065420 
                       GPIO_PORTP_AFSEL_R
                               EQU              0x40065420
   90 00000000 40065510 
                       GPIO_PORTP_PUR_R
                               EQU              0x40065510
   91 00000000 4006551C 
                       GPIO_PORTP_DEN_R
                               EQU              0x4006551C
   92 00000000 40065520 
                       GPIO_PORTP_LOCK_R
                               EQU              0x40065520
   93 00000000 40065524 
                       GPIO_PORTP_CR_R
                               EQU              0x40065524
   94 00000000 40065528 
                       GPIO_PORTP_AMSEL_R
                               EQU              0x40065528
   95 00000000 4006552C 
                       GPIO_PORTP_PCTL_R
                               EQU              0x4006552C
   96 00000000 00002000 
                       GPIO_PORTP
                               EQU              2_010000000000000
   97 00000000         
   98 00000000         ; PORT Q = DISPLAYS PQ0 a PQ3 e LEDS PQ0 a PQ3 da PAT
   99 00000000 40066000 



ARM Macro Assembler    Page 5 


                       GPIO_PORTQ_DATA_BITS_R
                               EQU              0x40066000
  100 00000000 400663FC 
                       GPIO_PORTQ_DATA_R
                               EQU              0x400663FC
  101 00000000 40066400 
                       GPIO_PORTQ_DIR_R
                               EQU              0x40066400
  102 00000000 40066420 
                       GPIO_PORTQ_AFSEL_R
                               EQU              0x40066420
  103 00000000 40066510 
                       GPIO_PORTQ_PUR_R
                               EQU              0x40066510
  104 00000000 4006651C 
                       GPIO_PORTQ_DEN_R
                               EQU              0x4006651C
  105 00000000 40066520 
                       GPIO_PORTQ_LOCK_R
                               EQU              0x40066520
  106 00000000 40066524 
                       GPIO_PORTQ_CR_R
                               EQU              0x40066524
  107 00000000 40066528 
                       GPIO_PORTQ_AMSEL_R
                               EQU              0x40066528
  108 00000000 4006652C 
                       GPIO_PORTQ_PCTL_R
                               EQU              0x4006652C
  109 00000000 00004000 
                       GPIO_PORTQ
                               EQU              2_100000000000000
  110 00000000         
  111 00000000         ; ------------------------------------------------------
                       -------------------------
  112 00000000         ; Área de Código - Tudo abaixo da diretiva a seguir será
                        armazenado na memória de 
  113 00000000         ;                  código
  114 00000000                 AREA             |.text|, CODE, READONLY, ALIGN=
2
  115 00000000         
  116 00000000         ; Se alguma função do arquivo for chamada em outro arqui
                       vo
  117 00000000                 IMPORT           EnableInterrupts
  118 00000000                 IMPORT           DisableInterrupts
  119 00000000         
  120 00000000                 EXPORT           GPIO_Init   ; Permite chamar GP
                                                            IO_Init de outro ar
                                                            quivo
  121 00000000                 EXPORT           PortAQ_Output ; Permite chamar 
                                                            PortAQ_Output de ou
                                                            tro arquivo
  122 00000000                 EXPORT           PortB_Output ; Permite chamar P
                                                            ortB_Output de outr
                                                            o arquivo
  123 00000000                 EXPORT           GPIOPortJ_Handler ; Permite cha
                                                            mar PortJ_Input de 
                                                            outro arquivo
  124 00000000                 EXPORT           PortN_Output ; Permite chamar P



ARM Macro Assembler    Page 6 


                                                            ortN_Output de outr
                                                            o arquivo
  125 00000000                 EXPORT           PortP_Output ; Permite chamar P
                                                            ortP_Output de outr
                                                            o arquivo
  126 00000000                 IMPORT           incrementaAlvo
  127 00000000                 IMPORT           decrementaAlvo
  128 00000000                 EXPORT           voltaGPIOPortJ
  129 00000000         ;-------------------------------------------------------
                       -------------------------
  130 00000000         ; Função GPIO_Init
  131 00000000         ; Parâmetro de entrada: Não tem
  132 00000000         ; Parâmetro de saída: Não tem
  133 00000000         GPIO_Init
  134 00000000         ;=====================
  135 00000000         ; 1. Ativar o clock para a porta setando o bit correspon
                       dente no registrador RCGCGPIO,
  136 00000000         ; após isso verificar no PRGPIO se a porta está pronta p
                       ara uso.
  137 00000000         ; enable clock to GPIOF at clock gating register
  138 00000000 486C            LDR              R0, =SYSCTL_RCGCGPIO_R ;Carrega
                                                             o endereço do regi
                                                            strador RCGCGPIO
  139 00000002 F04F 0101       MOV              R1, #GPIO_PORTA ;Seta o bit da 
                                                            porta A
  140 00000006 F041 0102       ORR              R1, #GPIO_PORTB ;Seta o bit da 
                                                            porta B, fazendo co
                                                            m OR
  141 0000000A F441 7180       ORR              R1, #GPIO_PORTJ ;Seta o bit da 
                                                            porta J, fazendo co
                                                            m OR
  142 0000000E F441 5180       ORR              R1, #GPIO_PORTN ;Seta o bit da 
                                                            porta N, fazendo co
                                                            m OR
  143 00000012 F441 5100       ORR              R1, #GPIO_PORTP ;Seta o bit da 
                                                            porta P, fazendo co
                                                            m OR
  144 00000016 F441 4180       ORR              R1, #GPIO_PORTQ ;Seta o bit da 
                                                            porta Q, fazendo co
                                                            m OR
  145 0000001A 6001            STR              R1, [R0]    ;Move para a memóri
                                                            a os bits das porta
                                                            s no endereço do RC
                                                            GCGPIO
  146 0000001C         
  147 0000001C 4866            LDR              R0, =SYSCTL_PRGPIO_R ;Carrega o
                                                             endereço do PRGPIO
                                                             para esperar os GP
                                                            IO ficarem prontos
  148 0000001E 6801    EsperaGPIO
                               LDR              R1, [R0]    ;Lê da memória o co
                                                            nteúdo do endereço 
                                                            do registrador
  149 00000020 F04F 0201       MOV              R2, #GPIO_PORTA ;Seta os bits c
                                                            orrespondentes às p
                                                            ortas para fazer a 
                                                            comparação
  150 00000024 F042 0202       ORR              R2, #GPIO_PORTB ;Seta o bit da 
                                                            porta B, fazendo co



ARM Macro Assembler    Page 7 


                                                            m OR
  151 00000028 F442 7280       ORR              R2, #GPIO_PORTJ ;Seta o bit da 
                                                            porta J, fazendo co
                                                            m OR
  152 0000002C F442 5280       ORR              R2, #GPIO_PORTN ;Seta o bit da 
                                                            porta N, fazendo co
                                                            m OR
  153 00000030 F442 5200       ORR              R2, #GPIO_PORTP ;Seta o bit da 
                                                            porta P, fazendo co
                                                            m OR
  154 00000034 F442 4280       ORR              R2, #GPIO_PORTQ ;Seta o bit da 
                                                            porta Q, fazendo co
                                                            m OR
  155 00000038 4211            TST              R1, R2      ;Testa o R1 com R2 
                                                            fazendo R1 & R2
  156 0000003A D0F0            BEQ              EsperaGPIO  ;Se o flag Z=1, vol
                                                            ta para o laço. Sen
                                                            ão continua executa
                                                            ndo
  157 0000003C         
  158 0000003C         ; 2. Limpar o AMSEL para desabilitar a analógica
  159 0000003C F04F 0100       MOV              R1, #0x00   ;Colocar 0 no regis
                                                            trador para desabil
                                                            itar a função analó
                                                            gica
  160 00000040 485E            LDR              R0, =GPIO_PORTA_AHB_AMSEL_R ;Ca
                                                            rrega o R0 com o en
                                                            dereço do AMSEL par
                                                            a a porta A
  161 00000042 6001            STR              R1, [R0]    ;Guarda no registra
                                                            dor AMSEL da porta 
                                                            A da memória
  162 00000044         
  163 00000044 485E            LDR              R0, =GPIO_PORTB_AHB_AMSEL_R ;Ca
                                                            rrega o R0 com o en
                                                            dereço do AMSEL par
                                                            a a porta B
  164 00000046 6001            STR              R1, [R0]    ;Guarda no registra
                                                            dor AMSEL da porta 
                                                            B da memória
  165 00000048         
  166 00000048 485E            LDR              R0, =GPIO_PORTJ_AHB_AMSEL_R ;Ca
                                                            rrega o R0 com o en
                                                            dereço do AMSEL par
                                                            a a porta J
  167 0000004A 6001            STR              R1, [R0]    ;Guarda no registra
                                                            dor AMSEL da porta 
                                                            J da memória
  168 0000004C         
  169 0000004C 485E            LDR              R0, =GPIO_PORTN_AMSEL_R ;Carreg
                                                            a o R0 com o endere
                                                            ço do AMSEL para a 
                                                            porta N
  170 0000004E 6001            STR              R1, [R0]    ;Guarda no registra
                                                            dor AMSEL da porta 
                                                            N da memória
  171 00000050         
  172 00000050 485E            LDR              R0, =GPIO_PORTP_AMSEL_R ;Carreg
                                                            a o R0 com o endere



ARM Macro Assembler    Page 8 


                                                            ço do AMSEL para a 
                                                            porta P
  173 00000052 6001            STR              R1, [R0]    ;Guarda no registra
                                                            dor AMSEL da porta 
                                                            P da memória
  174 00000054         
  175 00000054 485E            LDR              R0, =GPIO_PORTQ_AMSEL_R ;Carreg
                                                            a o R0 com o endere
                                                            ço do AMSEL para a 
                                                            porta Q
  176 00000056 6001            STR              R1, [R0]    ;Guarda no registra
                                                            dor AMSEL da porta 
                                                            Q da memória
  177 00000058         
  178 00000058         ; 3. Limpar PCTL para selecionar o GPIO
  179 00000058 F04F 0100       MOV              R1, #0x00   ;Colocar 0 no regis
                                                            trador para selecio
                                                            nar o modo GPIO
  180 0000005C 485D            LDR              R0, =GPIO_PORTA_AHB_PCTL_R ;Car
                                                            rega o R0 com o end
                                                            ereço do PCTL para 
                                                            a porta A
  181 0000005E 6001            STR              R1, [R0]    ;Guarda no registra
                                                            dor PCTL da porta A
                                                             da memória
  182 00000060         
  183 00000060 485D            LDR              R0, =GPIO_PORTB_AHB_PCTL_R ;Car
                                                            rega o R0 com o end
                                                            ereço do PCTL para 
                                                            a porta B
  184 00000062 6001            STR              R1, [R0]    ;Guarda no registra
                                                            dor PCTL da porta B
                                                             da memória
  185 00000064         
  186 00000064 485D            LDR              R0, =GPIO_PORTJ_AHB_PCTL_R ;Car
                                                            rega o R0 com o end
                                                            ereço do PCTL para 
                                                            a porta J
  187 00000066 6001            STR              R1, [R0]    ;Guarda no registra
                                                            dor PCTL da porta J
                                                             da memória
  188 00000068         
  189 00000068 485D            LDR              R0, =GPIO_PORTN_PCTL_R ;Carrega
                                                             o R0 com o endereç
                                                            o do PCTL para a po
                                                            rta N
  190 0000006A 6001            STR              R1, [R0]    ;Guarda no registra
                                                            dor PCTL da porta N
                                                             da memória
  191 0000006C         
  192 0000006C 485D            LDR              R0, =GPIO_PORTP_PCTL_R ;Carrega
                                                             o R0 com o endereç
                                                            o do PCTL para a po
                                                            rta P
  193 0000006E 6001            STR              R1, [R0]    ;Guarda no registra
                                                            dor PCTL da porta P
                                                             da memória
  194 00000070         
  195 00000070 485D            LDR              R0, =GPIO_PORTQ_PCTL_R ;Carrega



ARM Macro Assembler    Page 9 


                                                             o R0 com o endereç
                                                            o do PCTL para a po
                                                            rta Q
  196 00000072 6001            STR              R1, [R0]    ;Guarda no registra
                                                            dor PCTL da porta Q
                                                             da memória
  197 00000074         
  198 00000074         ; 4. DIR para 0 se for entrada, 1 se for saída
  199 00000074 485D            LDR              R0, =GPIO_PORTA_AHB_DIR_R ;Carr
                                                            ega o R0 com o ende
                                                            reço do DIR para a 
                                                            porta A
  200 00000076 F04F 01F0       MOV              R1, #2_11110000 ;PN1
  201 0000007A 6001            STR              R1, [R0]    ;Guarda no registra
                                                            dor
  202 0000007C         
  203 0000007C 485C            LDR              R0, =GPIO_PORTB_AHB_DIR_R ;Carr
                                                            ega o R0 com o ende
                                                            reço do DIR para a 
                                                            porta N
  204 0000007E F04F 0130       MOV              R1, #2_110000 ;PN1
  205 00000082 6001            STR              R1, [R0]    ;Guarda no registra
                                                            dor
  206 00000084         
  207 00000084         ; O certo era verificar os outros bits da PJ para não tr
                       ansformar entradas em saídas desnecessárias
  208 00000084 485B            LDR              R0, =GPIO_PORTJ_AHB_DIR_R ;Carr
                                                            ega o R0 com o ende
                                                            reço do DIR para a 
                                                            porta J
  209 00000086 F04F 0100       MOV              R1, #0x00   ;Colocar 0 no regis
                                                            trador DIR para fun
                                                            cionar com saída
  210 0000008A 6001            STR              R1, [R0]    ;Guarda no registra
                                                            dor PCTL da porta J
                                                             da memória
  211 0000008C         
  212 0000008C 485A            LDR              R0, =GPIO_PORTN_DIR_R ;Carrega 
                                                            o R0 com o endereço
                                                             do DIR para a port
                                                            a N
  213 0000008E F04F 0103       MOV              R1, #2_0011 ;PN1
  214 00000092 6001            STR              R1, [R0]    ;Guarda no registra
                                                            dor
  215 00000094         
  216 00000094 4859            LDR              R0, =GPIO_PORTP_DIR_R ;Carrega 
                                                            o R0 com o endereço
                                                             do DIR para a port
                                                            a P
  217 00000096 F04F 0120       MOV              R1, #2_100000 ;PN1
  218 0000009A 6001            STR              R1, [R0]    ;Guarda no registra
                                                            dor
  219 0000009C         
  220 0000009C 4858            LDR              R0, =GPIO_PORTQ_DIR_R ;Carrega 
                                                            o R0 com o endereço
                                                             do DIR para a port
                                                            a Q
  221 0000009E F04F 010F       MOV              R1, #2_01111 ;PN1
  222 000000A2 6001            STR              R1, [R0]    ;Guarda no registra



ARM Macro Assembler    Page 10 


                                                            dor
  223 000000A4         
  224 000000A4         ; 5. Limpar os bits AFSEL para 0 para selecionar GPIO 
  225 000000A4         ;    Sem função alternativa
  226 000000A4 F04F 0100       MOV              R1, #0x00   ;Colocar o valor 0 
                                                            para não setar funç
                                                            ão alternativa
  227 000000A8 4856            LDR              R0, =GPIO_PORTA_AHB_AFSEL_R ;Ca
                                                            rrega o endereço do
                                                             AFSEL da porta A
  228 000000AA 6001            STR              R1, [R0]    ;Escreve na porta
  229 000000AC         
  230 000000AC 4856            LDR              R0, =GPIO_PORTB_AHB_AFSEL_R ;Ca
                                                            rrega o endereço do
                                                             AFSEL da porta B
  231 000000AE 6001            STR              R1, [R0]    ;Escreve na porta
  232 000000B0         
  233 000000B0 4856            LDR              R0, =GPIO_PORTJ_AHB_AFSEL_R ;Ca
                                                            rrega o endereço do
                                                             AFSEL da porta J
  234 000000B2 6001            STR              R1, [R0]    ;Escreve na porta
  235 000000B4         
  236 000000B4 4856            LDR              R0, =GPIO_PORTN_AFSEL_R ;Carreg
                                                            a o endereço do AFS
                                                            EL da porta N
  237 000000B6 6001            STR              R1, [R0]    ;Escreve na porta
  238 000000B8         
  239 000000B8 4856            LDR              R0, =GPIO_PORTP_AFSEL_R ;Carreg
                                                            a o endereço do AFS
                                                            EL da porta N
  240 000000BA 6001            STR              R1, [R0]    ;Escreve na porta
  241 000000BC         
  242 000000BC 4856            LDR              R0, =GPIO_PORTQ_AFSEL_R ;Carreg
                                                            a o endereço do AFS
                                                            EL da porta J
  243 000000BE 6001            STR              R1, [R0]    ;Escreve na porta
  244 000000C0         
  245 000000C0         ; 6. Setar os bits de DEN para habilitar I/O digital
  246 000000C0 4856            LDR              R0, =GPIO_PORTA_AHB_DEN_R ;Carr
                                                            ega o endereço do D
                                                            EN
  247 000000C2 F04F 01F0       MOV              R1, #2_11110000 ;Ativa os pinos
                                                             PJ0 e PJ1 como I/O
                                                             Digital     
  248 000000C6 6001            STR              R1, [R0]    ;Escreve no registr
                                                            ador da memória fun
                                                            cionalidade digital
                                                            
  249 000000C8         
  250 000000C8 4855            LDR              R0, =GPIO_PORTB_AHB_DEN_R ;Carr
                                                            ega o endereço do D
                                                            EN
  251 000000CA F04F 0130       MOV              R1, #2_0110000 ;Ativa os pinos 
                                                            PJ0 e PJ1 como I/O 
                                                            Digital     
  252 000000CE 6001            STR              R1, [R0]    ;Escreve no registr
                                                            ador da memória fun
                                                            cionalidade digital
                                                            



ARM Macro Assembler    Page 11 


  253 000000D0         
  254 000000D0 4854            LDR              R0, =GPIO_PORTJ_AHB_DEN_R ;Carr
                                                            ega o endereço do D
                                                            EN
  255 000000D2 F04F 0103       MOV              R1, #2_00000011 ;Ativa os pinos
                                                             PJ0 e PJ1 como I/O
                                                             Digital     
  256 000000D6 6001            STR              R1, [R0]    ;Escreve no registr
                                                            ador da memória fun
                                                            cionalidade digital
                                                            
  257 000000D8         
  258 000000D8 4853            LDR              R0, =GPIO_PORTN_DEN_R ;Carrega 
                                                            o endereço do DEN
  259 000000DA F04F 0103       MOV              R1, #2_00000011 ;Ativa os pinos
                                                             PJ0 e PJ1 como I/O
                                                             Digital     
  260 000000DE 6001            STR              R1, [R0]    ;Escreve no registr
                                                            ador da memória fun
                                                            cionalidade digital
                                                            
  261 000000E0         
  262 000000E0 4852            LDR              R0, =GPIO_PORTP_DEN_R ;Carrega 
                                                            o endereço do DEN
  263 000000E2 F04F 0120       MOV              R1, #2_000100000 ;N1 = 10, N0=0
                                                            1, N1 e N0 = 11
  264 000000E6 6001            STR              R1, [R0]    ;Escreve no registr
                                                            ador da memória fun
                                                            cionalidade digital
                                                             
  265 000000E8         
  266 000000E8 4851            LDR              R0, =GPIO_PORTQ_DEN_R ;Carrega 
                                                            o endereço do DEN
  267 000000EA F04F 010F       MOV              R1, #2_00001111 ;Ativa os pinos
                                                             PJ0 e PJ1 como I/O
                                                             Digital     
  268 000000EE 6001            STR              R1, [R0]    ;Escreve no registr
                                                            ador da memória fun
                                                            cionalidade digital
                                                            
  269 000000F0         
  270 000000F0         ; 7. Para habilitar resistor de pull-up interno, setar P
                       UR para 1
  271 000000F0 4850            LDR              R0, =GPIO_PORTJ_AHB_PUR_R ;Carr
                                                            ega o endereço do P
                                                            UR para a porta J
  272 000000F2         ;MOV     R1, #2_1       ;Habilitar funcionalidade digita
                       l de resistor de pull-up 
  273 000000F2 F04F 0103       MOV              R1, #2_00000011
  274 000000F6 6001            STR              R1, [R0]    ;Escreve no registr
                                                            ador da memória do 
                                                            resistor de pull-up
                                                            
  275 000000F8         
  276 000000F8         ;Interrupções
  277 000000F8         ; 8. Desabilitar a interrupção no registrador IM
  278 000000F8 484F            LDR              R0, =GPIO_PORTJ_IM_R ;Carrega o
                                                             endereço do IM par
                                                            a a porta M



ARM Macro Assembler    Page 12 


  279 000000FA F04F 0100       MOV              R1, #2_00   ;Desabilitar as int
                                                            errupções  
  280 000000FE 6001            STR              R1, [R0]    ;Escreve no registr
                                                            ador
  281 00000100         
  282 00000100         ; 9. Configurar o tipo de interrupção por borda no regis
                       trador IS
  283 00000100 484E            LDR              R0, =GPIO_PORTJ_IS_R ;Carrega o
                                                             endereço do IS par
                                                            a a porta M
  284 00000102 F04F 0100       MOV              R1, #2_00   ;Por Borda  
  285 00000106 6001            STR              R1, [R0]    ;Escreve no registr
                                                            ador
  286 00000108         
  287 00000108         ; 10. Configurar  borda única no registrador IBE
  288 00000108 484D            LDR              R0, =GPIO_PORTJ_IBE_R ;Carrega 
                                                            o endereço do IBE p
                                                            ara a porta M
  289 0000010A F04F 0100       MOV              R1, #2_00   ;Borda Única  
  290 0000010E 6001            STR              R1, [R0]    ;Escreve no registr
                                                            ador
  291 00000110         ; 11. Configurar  borda de descida (botão pressionado) n
                       o registrador IEV
  292 00000110 484C            LDR              R0, =GPIO_PORTJ_IEV_R ;Carrega 
                                                            o endereço do IEV p
                                                            ara a porta M
  293 00000112 F04F 0103       MOV              R1, #2_11   ;Borda DESCIDA  
  294 00000116 6001            STR              R1, [R0]    ;Escreve no registr
                                                            ador
  295 00000118         
  296 00000118         ; 12. Habilitar a interrupção no registrador IM
  297 00000118 4847            LDR              R0, =GPIO_PORTJ_IM_R ;Carrega o
                                                             endereço do IM par
                                                            a a porta M
  298 0000011A F04F 0103       MOV              R1, #2_11   ;Habilitar as inter
                                                            rupções  
  299 0000011E 6001            STR              R1, [R0]    ;Escreve no registr
                                                            ador  
  300 00000120         
  301 00000120         ;Interrupção número 51          
  302 00000120         ; 13. Setar a prioridade no NVIC
  303 00000120 4849            LDR              R0, =NVIC_PRI12_R ;Carrega o do
                                                             NVIC para o grupo 
                                                            que tem o M entre 7
                                                            2 e 75
  304 00000122 F04F 0105       MOV              R1, #5      ;Prioridade 3
  305 00000126 EA4F 7141       LSL              R1, R1, #29 ;Desloca 5 bits par
                                                            a a esquerda já que
                                                             o M é o primeiro b
                                                            yte do PRI18
  306 0000012A 6001            STR              R1, [R0]    ;Escreve no registr
                                                            ador da memória
  307 0000012C         ; 14. Habilitar a interrupção no NVIC
  308 0000012C 4847            LDR              R0, =NVIC_EN1_R ;Carrega o do N
                                                            VIC para o grupo qu
                                                            e tem o M entre 64 
                                                            e 95
  309 0000012E F04F 0101       MOV              R1, #1
  310 00000132 EA4F 41C1       LSL              R1, #19     ;Desloca 8 bits par



ARM Macro Assembler    Page 13 


                                                            a a esquerda já que
                                                             o M é a interrupçã
                                                            o do bit 8 no EN2
  311 00000136 6001            STR              R1, [R0]    ;Escreve no registr
                                                            ador da memória
  312 00000138         
  313 00000138 4770            BX               LR
  314 0000013A         
  315 0000013A         
  316 0000013A         ; ------------------------------------------------------
                       -------------------------
  317 0000013A         ; FUNCOES PORT OUTPUT
  318 0000013A         ; ------------------------------------------------------
                       -------------------------
  319 0000013A         
  320 0000013A         ; Função PortAQ_Output = Liga/Desliga displays e leds
  321 0000013A         PortAQ_Output
  322 0000013A 4945            LDR              R1, =GPIO_PORTA_AHB_DATA_R ;Car
                                                            rega o valor do off
                                                            set do data registe
                                                            r
  323 0000013C F004 00F0       AND              R0, R4, #2_11110000
  324 00000140         
  325 00000140 680A            LDR              R2, [R1]
  326 00000142 F022 02F0       BIC              R2, #2_11110000 ;Primeiro limpa
                                                            mos os dois bits do
                                                             lido da porta R2 =
                                                             R2 & 11111101
  327 00000146 EA40 0002       ORR              R0, R0, R2  ;Fazer o OR do lido
                                                             pela porta com o p
                                                            arâmetro de entrada
                                                            
  328 0000014A 6008            STR              R0, [R1]    ;Escreve na porta N
                                                             o barramento de da
                                                            dos do pino N1
  329 0000014C         
  330 0000014C 4941            LDR              R1, =GPIO_PORTQ_DATA_R ;Carrega
                                                             o valor do offset 
                                                            do data register
  331 0000014E F004 000F       AND              R0, R4, #2_00001111
  332 00000152         
  333 00000152 680A            LDR              R2, [R1]
  334 00000154 F022 020F       BIC              R2, #2_1111 ;Primeiro limpamos 
                                                            os dois bits do lid
                                                            o da porta R2 = R2 
                                                            & 11111101
  335 00000158 EA40 0002       ORR              R0, R0, R2  ;Fazer o OR do lido
                                                             pela porta com o p
                                                            arâmetro de entrada
                                                            
  336 0000015C 6008            STR              R0, [R1]    ;Escreve na porta N
                                                             o barramento de da
                                                            dos do pino N1
  337 0000015E         
  338 0000015E 4770            BX               LR          ;Retorno
  339 00000160         
  340 00000160         ; ------------------------------------------------------
                       -------------------------
  341 00000160         ; Função PortB_Output = Ativa/desativa transistores



ARM Macro Assembler    Page 14 


  342 00000160         PortB_Output
  343 00000160 493D            LDR              R1, =GPIO_PORTB_AHB_DATA_R ;Car
                                                            rega o valor do off
                                                            set do data registe
                                                            r
  344 00000162         ;Read-Modify-Write para escrita
  345 00000162 680A            LDR              R2, [R1]
  346 00000164 F022 0230       BIC              R2, #2_110000 ;Primeiro limpamo
                                                            s os dois bits do l
                                                            ido da porta R2 = R
                                                            2 & 11111101
  347 00000168 EA42 0005       ORR              R0, R2, R5  ;Fazer o OR do lido
                                                             pela porta com o p
                                                            arâmetro de entrada
                                                            
  348 0000016C 6008            STR              R0, [R1]    ;Escreve na porta N
                                                             o barramento de da
                                                            dos do pino N1
  349 0000016E         
  350 0000016E 4770            BX               LR          ;Retorno
  351 00000170         
  352 00000170         ; ------------------------------------------------------
                       -------------------------
  353 00000170         ; Função PortJ_Input
  354 00000170         ; Parâmetro de entrada: Não tem
  355 00000170         ; Parâmetro de saída: R0 --> o valor da leitura
  356 00000170         GPIOPortJ_Handler
  357 00000170 B500            PUSH{LR}
  358 00000172 483A            LDR              R0, =GPIO_PORTJ_RIS_R ;pega alg
                                                            uma interrupção
  359 00000174 6802            LDR              R2, [R0]
  360 00000176 2A02            CMP              R2, #2_10   ;compara para ver s
                                                            e é a chave 1 ou ch
                                                            ave 2
  361 00000178 F43F AFFE       BEQ              decrementaAlvo
  362 0000017C         
  363 0000017C 2A01            CMP              R2, #2_01   ;compara para ver s
                                                            e é a chave 1 ou ch
                                                            ave 2
  364 0000017E F43F AFFE       BEQ              incrementaAlvo
  365 00000182         
  366 00000182         voltaGPIOPortJ
  367 00000182         
  368 00000182 4937            LDR              R1, =GPIO_PORTJ_ICR_R ;Chave 1,
                                                             incrementa setpoin
                                                            t
  369 00000184 F04F 0203       MOV              R2, #2_11
  370 00000188 600A            STR              R2, [R1]    ;Incrementa, R9 = R
                                                            9 + 1
  371 0000018A E7FF            B                Fim_Interrupt
  372 0000018C         
  373 0000018C         Fim_Interrupt
  374 0000018C F85D EB04       POP{LR}
  375 00000190 4770            BX               LR
  376 00000192         
  377 00000192         
  378 00000192         ; ------------------------------------------------------
                       -------------------------
  379 00000192         ; Função PortN_Output



ARM Macro Assembler    Page 15 


  380 00000192         ; Parâmetro de entrada: R0 --> se o BIT1 está ligado ou 
                       desligado
  381 00000192         ; Parâmetro de saída: Não tem
  382 00000192         PortN_Output
  383 00000192 4934            LDR              R1, =GPIO_PORTN_DATA_R ;Carrega
                                                             o valor do offset 
                                                            do data register
  384 00000194         ;Read-Modify-Write para escrita
  385 00000194 680A            LDR              R2, [R1]
  386 00000196 F022 0203       BIC              R2, #2_00000011 ;Primeiro limpa
                                                            mos os dois bits do
                                                             lido da porta R2 =
                                                             R2 & 11111101
  387 0000019A EA40 0002       ORR              R0, R0, R2  ;Fazer o OR do lido
                                                             pela porta com o p
                                                            arâmetro de entrada
                                                            
  388 0000019E 6008            STR              R0, [R1]    ;Escreve na porta N
                                                             o barramento de da
                                                            dos do pino N1
  389 000001A0         
  390 000001A0 4770            BX               LR          ;Retorno
  391 000001A2         
  392 000001A2         ; ------------------------------------------------------
                       -------------------------
  393 000001A2         ; Função PortP_Output = Ativa transistor Q1 que ativa os
                        leds
  394 000001A2         PortP_Output
  395 000001A2 4931            LDR              R1, =GPIO_PORTP_DATA_R
  396 000001A4 680A            LDR              R2, [R1]
  397 000001A6 F022 0220       BIC              R2, #2_100000
  398 000001AA EA42 0005       ORR              R0, R2, R5
  399 000001AE 6008            STR              R0, [R1]    ;Escreve na porta N
                                                             o barramento de da
                                                            dos do pino N1
  400 000001B0         
  401 000001B0 4770            BX               LR          ;Retorno
  402 000001B2         
  403 000001B2         
  404 000001B2 00 00           ALIGN                        ; garante que o fim
                                                             da seção está alin
                                                            hada 
  405 000001B4                 END                          ; fim do arquivo
              400FE608 
              400FEA08 
              40058528 
              40059528 
              40060528 
              40064528 
              40065528 
              40066528 
              4005852C 
              4005952C 
              4006052C 
              4006452C 
              4006552C 
              4006652C 
              40058400 
              40059400 



ARM Macro Assembler    Page 16 


              40060400 
              40064400 
              40065400 
              40066400 
              40058420 
              40059420 
              40060420 
              40064420 
              40065420 
              40066420 
              4005851C 
              4005951C 
              4006051C 
              4006451C 
              4006551C 
              4006651C 
              40060510 
              40060410 
              40060404 
              40060408 
              4006040C 
              E000E430 
              E000E104 
              400583FC 
              400663FC 
              400593FC 
              40060414 
              4006041C 
              400643FC 
              400653FC 
Command Line: --debug --xref --diag_suppress=9931 --cpu=Cortex-M4.fp.sp --apcs=
interwork --depend=.\objects\gpio.d -o.\objects\gpio.o -IC:\Users\rafa1\AppData
\Local\Arm\Packs\Keil\TM4C_DFP\1.1.0\Device\Include\TM4C129 --predefine="__EVAL
 SETA 1" --predefine="__UVISION_VERSION SETA 536" --predefine="TM4C1294NCPDT SE
TA 1" --list=.\listings\gpio.lst gpio.s



ARM Macro Assembler    Page 1 Alphabetic symbol ordering
Relocatable symbols

.text 00000000

Symbol: .text
   Definitions
      At line 114 in file gpio.s
   Uses
      None
Comment: .text unused
EsperaGPIO 0000001E

Symbol: EsperaGPIO
   Definitions
      At line 148 in file gpio.s
   Uses
      At line 156 in file gpio.s
Comment: EsperaGPIO used once
Fim_Interrupt 0000018C

Symbol: Fim_Interrupt
   Definitions
      At line 373 in file gpio.s
   Uses
      At line 371 in file gpio.s
Comment: Fim_Interrupt used once
GPIOPortJ_Handler 00000170

Symbol: GPIOPortJ_Handler
   Definitions
      At line 356 in file gpio.s
   Uses
      At line 123 in file gpio.s
Comment: GPIOPortJ_Handler used once
GPIO_Init 00000000

Symbol: GPIO_Init
   Definitions
      At line 133 in file gpio.s
   Uses
      At line 120 in file gpio.s
Comment: GPIO_Init used once
PortAQ_Output 0000013A

Symbol: PortAQ_Output
   Definitions
      At line 321 in file gpio.s
   Uses
      At line 121 in file gpio.s
Comment: PortAQ_Output used once
PortB_Output 00000160

Symbol: PortB_Output
   Definitions
      At line 342 in file gpio.s
   Uses
      At line 122 in file gpio.s
Comment: PortB_Output used once
PortN_Output 00000192

Symbol: PortN_Output



ARM Macro Assembler    Page 2 Alphabetic symbol ordering
Relocatable symbols

   Definitions
      At line 382 in file gpio.s
   Uses
      At line 124 in file gpio.s
Comment: PortN_Output used once
PortP_Output 000001A2

Symbol: PortP_Output
   Definitions
      At line 394 in file gpio.s
   Uses
      At line 125 in file gpio.s
Comment: PortP_Output used once
voltaGPIOPortJ 00000182

Symbol: voltaGPIOPortJ
   Definitions
      At line 366 in file gpio.s
   Uses
      At line 128 in file gpio.s
Comment: voltaGPIOPortJ used once
10 symbols



ARM Macro Assembler    Page 1 Alphabetic symbol ordering
Absolute symbols

BIT0 00000001

Symbol: BIT0
   Definitions
      At line 12 in file gpio.s
   Uses
      None
Comment: BIT0 unused
BIT1 00000002

Symbol: BIT1
   Definitions
      At line 13 in file gpio.s
   Uses
      None
Comment: BIT1 unused
GPIO_PORTA 00000001

Symbol: GPIO_PORTA
   Definitions
      At line 37 in file gpio.s
   Uses
      At line 139 in file gpio.s
      At line 149 in file gpio.s

GPIO_PORTA_AHB_AFSEL_R 40058420

Symbol: GPIO_PORTA_AHB_AFSEL_R
   Definitions
      At line 30 in file gpio.s
   Uses
      At line 227 in file gpio.s
Comment: GPIO_PORTA_AHB_AFSEL_R used once
GPIO_PORTA_AHB_AMSEL_R 40058528

Symbol: GPIO_PORTA_AHB_AMSEL_R
   Definitions
      At line 35 in file gpio.s
   Uses
      At line 160 in file gpio.s
Comment: GPIO_PORTA_AHB_AMSEL_R used once
GPIO_PORTA_AHB_CR_R 40058524

Symbol: GPIO_PORTA_AHB_CR_R
   Definitions
      At line 34 in file gpio.s
   Uses
      None
Comment: GPIO_PORTA_AHB_CR_R unused
GPIO_PORTA_AHB_DATA_BITS_R 40058000

Symbol: GPIO_PORTA_AHB_DATA_BITS_R
   Definitions
      At line 27 in file gpio.s
   Uses
      None
Comment: GPIO_PORTA_AHB_DATA_BITS_R unused
GPIO_PORTA_AHB_DATA_R 400583FC




ARM Macro Assembler    Page 2 Alphabetic symbol ordering
Absolute symbols

Symbol: GPIO_PORTA_AHB_DATA_R
   Definitions
      At line 28 in file gpio.s
   Uses
      At line 322 in file gpio.s
Comment: GPIO_PORTA_AHB_DATA_R used once
GPIO_PORTA_AHB_DEN_R 4005851C

Symbol: GPIO_PORTA_AHB_DEN_R
   Definitions
      At line 32 in file gpio.s
   Uses
      At line 246 in file gpio.s
Comment: GPIO_PORTA_AHB_DEN_R used once
GPIO_PORTA_AHB_DIR_R 40058400

Symbol: GPIO_PORTA_AHB_DIR_R
   Definitions
      At line 29 in file gpio.s
   Uses
      At line 199 in file gpio.s
Comment: GPIO_PORTA_AHB_DIR_R used once
GPIO_PORTA_AHB_LOCK_R 40058520

Symbol: GPIO_PORTA_AHB_LOCK_R
   Definitions
      At line 33 in file gpio.s
   Uses
      None
Comment: GPIO_PORTA_AHB_LOCK_R unused
GPIO_PORTA_AHB_PCTL_R 4005852C

Symbol: GPIO_PORTA_AHB_PCTL_R
   Definitions
      At line 36 in file gpio.s
   Uses
      At line 180 in file gpio.s
Comment: GPIO_PORTA_AHB_PCTL_R used once
GPIO_PORTA_AHB_PUR_R 40058510

Symbol: GPIO_PORTA_AHB_PUR_R
   Definitions
      At line 31 in file gpio.s
   Uses
      None
Comment: GPIO_PORTA_AHB_PUR_R unused
GPIO_PORTB 00000002

Symbol: GPIO_PORTB
   Definitions
      At line 50 in file gpio.s
   Uses
      At line 140 in file gpio.s
      At line 150 in file gpio.s

GPIO_PORTB_AHB_AFSEL_R 40059420

Symbol: GPIO_PORTB_AHB_AFSEL_R
   Definitions



ARM Macro Assembler    Page 3 Alphabetic symbol ordering
Absolute symbols

      At line 43 in file gpio.s
   Uses
      At line 230 in file gpio.s
Comment: GPIO_PORTB_AHB_AFSEL_R used once
GPIO_PORTB_AHB_AMSEL_R 40059528

Symbol: GPIO_PORTB_AHB_AMSEL_R
   Definitions
      At line 48 in file gpio.s
   Uses
      At line 163 in file gpio.s
Comment: GPIO_PORTB_AHB_AMSEL_R used once
GPIO_PORTB_AHB_CR_R 40059524

Symbol: GPIO_PORTB_AHB_CR_R
   Definitions
      At line 47 in file gpio.s
   Uses
      None
Comment: GPIO_PORTB_AHB_CR_R unused
GPIO_PORTB_AHB_DATA_BITS_R 40059000

Symbol: GPIO_PORTB_AHB_DATA_BITS_R
   Definitions
      At line 40 in file gpio.s
   Uses
      None
Comment: GPIO_PORTB_AHB_DATA_BITS_R unused
GPIO_PORTB_AHB_DATA_R 400593FC

Symbol: GPIO_PORTB_AHB_DATA_R
   Definitions
      At line 41 in file gpio.s
   Uses
      At line 343 in file gpio.s
Comment: GPIO_PORTB_AHB_DATA_R used once
GPIO_PORTB_AHB_DEN_R 4005951C

Symbol: GPIO_PORTB_AHB_DEN_R
   Definitions
      At line 45 in file gpio.s
   Uses
      At line 250 in file gpio.s
Comment: GPIO_PORTB_AHB_DEN_R used once
GPIO_PORTB_AHB_DIR_R 40059400

Symbol: GPIO_PORTB_AHB_DIR_R
   Definitions
      At line 42 in file gpio.s
   Uses
      At line 203 in file gpio.s
Comment: GPIO_PORTB_AHB_DIR_R used once
GPIO_PORTB_AHB_LOCK_R 40059520

Symbol: GPIO_PORTB_AHB_LOCK_R
   Definitions
      At line 46 in file gpio.s
   Uses
      None



ARM Macro Assembler    Page 4 Alphabetic symbol ordering
Absolute symbols

Comment: GPIO_PORTB_AHB_LOCK_R unused
GPIO_PORTB_AHB_PCTL_R 4005952C

Symbol: GPIO_PORTB_AHB_PCTL_R
   Definitions
      At line 49 in file gpio.s
   Uses
      At line 183 in file gpio.s
Comment: GPIO_PORTB_AHB_PCTL_R used once
GPIO_PORTB_AHB_PUR_R 40059510

Symbol: GPIO_PORTB_AHB_PUR_R
   Definitions
      At line 44 in file gpio.s
   Uses
      None
Comment: GPIO_PORTB_AHB_PUR_R unused
GPIO_PORTJ 00000100

Symbol: GPIO_PORTJ
   Definitions
      At line 70 in file gpio.s
   Uses
      At line 141 in file gpio.s
      At line 151 in file gpio.s

GPIO_PORTJ_AHB_AFSEL_R 40060420

Symbol: GPIO_PORTJ_AHB_AFSEL_R
   Definitions
      At line 65 in file gpio.s
   Uses
      At line 233 in file gpio.s
Comment: GPIO_PORTJ_AHB_AFSEL_R used once
GPIO_PORTJ_AHB_AMSEL_R 40060528

Symbol: GPIO_PORTJ_AHB_AMSEL_R
   Definitions
      At line 62 in file gpio.s
   Uses
      At line 166 in file gpio.s
Comment: GPIO_PORTJ_AHB_AMSEL_R used once
GPIO_PORTJ_AHB_CR_R 40060524

Symbol: GPIO_PORTJ_AHB_CR_R
   Definitions
      At line 61 in file gpio.s
   Uses
      None
Comment: GPIO_PORTJ_AHB_CR_R unused
GPIO_PORTJ_AHB_DATA_BITS_R 40060000

Symbol: GPIO_PORTJ_AHB_DATA_BITS_R
   Definitions
      At line 69 in file gpio.s
   Uses
      None
Comment: GPIO_PORTJ_AHB_DATA_BITS_R unused
GPIO_PORTJ_AHB_DATA_R 400603FC



ARM Macro Assembler    Page 5 Alphabetic symbol ordering
Absolute symbols


Symbol: GPIO_PORTJ_AHB_DATA_R
   Definitions
      At line 68 in file gpio.s
   Uses
      None
Comment: GPIO_PORTJ_AHB_DATA_R unused
GPIO_PORTJ_AHB_DEN_R 4006051C

Symbol: GPIO_PORTJ_AHB_DEN_R
   Definitions
      At line 66 in file gpio.s
   Uses
      At line 254 in file gpio.s
Comment: GPIO_PORTJ_AHB_DEN_R used once
GPIO_PORTJ_AHB_DIR_R 40060400

Symbol: GPIO_PORTJ_AHB_DIR_R
   Definitions
      At line 64 in file gpio.s
   Uses
      At line 208 in file gpio.s
Comment: GPIO_PORTJ_AHB_DIR_R used once
GPIO_PORTJ_AHB_LOCK_R 40060520

Symbol: GPIO_PORTJ_AHB_LOCK_R
   Definitions
      At line 60 in file gpio.s
   Uses
      None
Comment: GPIO_PORTJ_AHB_LOCK_R unused
GPIO_PORTJ_AHB_PCTL_R 4006052C

Symbol: GPIO_PORTJ_AHB_PCTL_R
   Definitions
      At line 63 in file gpio.s
   Uses
      At line 186 in file gpio.s
Comment: GPIO_PORTJ_AHB_PCTL_R used once
GPIO_PORTJ_AHB_PUR_R 40060510

Symbol: GPIO_PORTJ_AHB_PUR_R
   Definitions
      At line 67 in file gpio.s
   Uses
      At line 271 in file gpio.s
Comment: GPIO_PORTJ_AHB_PUR_R used once
GPIO_PORTJ_IBE_R 40060408

Symbol: GPIO_PORTJ_IBE_R
   Definitions
      At line 54 in file gpio.s
   Uses
      At line 288 in file gpio.s
Comment: GPIO_PORTJ_IBE_R used once
GPIO_PORTJ_ICR_R 4006041C

Symbol: GPIO_PORTJ_ICR_R
   Definitions



ARM Macro Assembler    Page 6 Alphabetic symbol ordering
Absolute symbols

      At line 58 in file gpio.s
   Uses
      At line 368 in file gpio.s
Comment: GPIO_PORTJ_ICR_R used once
GPIO_PORTJ_IEV_R 4006040C

Symbol: GPIO_PORTJ_IEV_R
   Definitions
      At line 55 in file gpio.s
   Uses
      At line 292 in file gpio.s
Comment: GPIO_PORTJ_IEV_R used once
GPIO_PORTJ_IM_R 40060410

Symbol: GPIO_PORTJ_IM_R
   Definitions
      At line 56 in file gpio.s
   Uses
      At line 278 in file gpio.s
      At line 297 in file gpio.s

GPIO_PORTJ_IS_R 40060404

Symbol: GPIO_PORTJ_IS_R
   Definitions
      At line 53 in file gpio.s
   Uses
      At line 283 in file gpio.s
Comment: GPIO_PORTJ_IS_R used once
GPIO_PORTJ_LOCK_R 40060520

Symbol: GPIO_PORTJ_LOCK_R
   Definitions
      At line 59 in file gpio.s
   Uses
      None
Comment: GPIO_PORTJ_LOCK_R unused
GPIO_PORTJ_RIS_R 40060414

Symbol: GPIO_PORTJ_RIS_R
   Definitions
      At line 57 in file gpio.s
   Uses
      At line 358 in file gpio.s
Comment: GPIO_PORTJ_RIS_R used once
GPIO_PORTN 00001000

Symbol: GPIO_PORTN
   Definitions
      At line 83 in file gpio.s
   Uses
      At line 142 in file gpio.s
      At line 152 in file gpio.s

GPIO_PORTN_AFSEL_R 40064420

Symbol: GPIO_PORTN_AFSEL_R
   Definitions
      At line 78 in file gpio.s



ARM Macro Assembler    Page 7 Alphabetic symbol ordering
Absolute symbols

   Uses
      At line 236 in file gpio.s
Comment: GPIO_PORTN_AFSEL_R used once
GPIO_PORTN_AMSEL_R 40064528

Symbol: GPIO_PORTN_AMSEL_R
   Definitions
      At line 75 in file gpio.s
   Uses
      At line 169 in file gpio.s
Comment: GPIO_PORTN_AMSEL_R used once
GPIO_PORTN_CR_R 40064524

Symbol: GPIO_PORTN_CR_R
   Definitions
      At line 74 in file gpio.s
   Uses
      None
Comment: GPIO_PORTN_CR_R unused
GPIO_PORTN_DATA_BITS_R 40064000

Symbol: GPIO_PORTN_DATA_BITS_R
   Definitions
      At line 82 in file gpio.s
   Uses
      None
Comment: GPIO_PORTN_DATA_BITS_R unused
GPIO_PORTN_DATA_R 400643FC

Symbol: GPIO_PORTN_DATA_R
   Definitions
      At line 81 in file gpio.s
   Uses
      At line 383 in file gpio.s
Comment: GPIO_PORTN_DATA_R used once
GPIO_PORTN_DEN_R 4006451C

Symbol: GPIO_PORTN_DEN_R
   Definitions
      At line 79 in file gpio.s
   Uses
      At line 258 in file gpio.s
Comment: GPIO_PORTN_DEN_R used once
GPIO_PORTN_DIR_R 40064400

Symbol: GPIO_PORTN_DIR_R
   Definitions
      At line 77 in file gpio.s
   Uses
      At line 212 in file gpio.s
Comment: GPIO_PORTN_DIR_R used once
GPIO_PORTN_LOCK_R 40064520

Symbol: GPIO_PORTN_LOCK_R
   Definitions
      At line 73 in file gpio.s
   Uses
      None
Comment: GPIO_PORTN_LOCK_R unused



ARM Macro Assembler    Page 8 Alphabetic symbol ordering
Absolute symbols

GPIO_PORTN_PCTL_R 4006452C

Symbol: GPIO_PORTN_PCTL_R
   Definitions
      At line 76 in file gpio.s
   Uses
      At line 189 in file gpio.s
Comment: GPIO_PORTN_PCTL_R used once
GPIO_PORTN_PUR_R 40064510

Symbol: GPIO_PORTN_PUR_R
   Definitions
      At line 80 in file gpio.s
   Uses
      None
Comment: GPIO_PORTN_PUR_R unused
GPIO_PORTP 00002000

Symbol: GPIO_PORTP
   Definitions
      At line 96 in file gpio.s
   Uses
      At line 143 in file gpio.s
      At line 153 in file gpio.s

GPIO_PORTP_AFSEL_R 40065420

Symbol: GPIO_PORTP_AFSEL_R
   Definitions
      At line 89 in file gpio.s
   Uses
      At line 239 in file gpio.s
Comment: GPIO_PORTP_AFSEL_R used once
GPIO_PORTP_AMSEL_R 40065528

Symbol: GPIO_PORTP_AMSEL_R
   Definitions
      At line 94 in file gpio.s
   Uses
      At line 172 in file gpio.s
Comment: GPIO_PORTP_AMSEL_R used once
GPIO_PORTP_CR_R 40065524

Symbol: GPIO_PORTP_CR_R
   Definitions
      At line 93 in file gpio.s
   Uses
      None
Comment: GPIO_PORTP_CR_R unused
GPIO_PORTP_DATA_BITS_R 40065000

Symbol: GPIO_PORTP_DATA_BITS_R
   Definitions
      At line 86 in file gpio.s
   Uses
      None
Comment: GPIO_PORTP_DATA_BITS_R unused
GPIO_PORTP_DATA_R 400653FC




ARM Macro Assembler    Page 9 Alphabetic symbol ordering
Absolute symbols

Symbol: GPIO_PORTP_DATA_R
   Definitions
      At line 87 in file gpio.s
   Uses
      At line 395 in file gpio.s
Comment: GPIO_PORTP_DATA_R used once
GPIO_PORTP_DEN_R 4006551C

Symbol: GPIO_PORTP_DEN_R
   Definitions
      At line 91 in file gpio.s
   Uses
      At line 262 in file gpio.s
Comment: GPIO_PORTP_DEN_R used once
GPIO_PORTP_DIR_R 40065400

Symbol: GPIO_PORTP_DIR_R
   Definitions
      At line 88 in file gpio.s
   Uses
      At line 216 in file gpio.s
Comment: GPIO_PORTP_DIR_R used once
GPIO_PORTP_LOCK_R 40065520

Symbol: GPIO_PORTP_LOCK_R
   Definitions
      At line 92 in file gpio.s
   Uses
      None
Comment: GPIO_PORTP_LOCK_R unused
GPIO_PORTP_PCTL_R 4006552C

Symbol: GPIO_PORTP_PCTL_R
   Definitions
      At line 95 in file gpio.s
   Uses
      At line 192 in file gpio.s
Comment: GPIO_PORTP_PCTL_R used once
GPIO_PORTP_PUR_R 40065510

Symbol: GPIO_PORTP_PUR_R
   Definitions
      At line 90 in file gpio.s
   Uses
      None
Comment: GPIO_PORTP_PUR_R unused
GPIO_PORTQ 00004000

Symbol: GPIO_PORTQ
   Definitions
      At line 109 in file gpio.s
   Uses
      At line 144 in file gpio.s
      At line 154 in file gpio.s

GPIO_PORTQ_AFSEL_R 40066420

Symbol: GPIO_PORTQ_AFSEL_R
   Definitions



ARM Macro Assembler    Page 10 Alphabetic symbol ordering
Absolute symbols

      At line 102 in file gpio.s
   Uses
      At line 242 in file gpio.s
Comment: GPIO_PORTQ_AFSEL_R used once
GPIO_PORTQ_AMSEL_R 40066528

Symbol: GPIO_PORTQ_AMSEL_R
   Definitions
      At line 107 in file gpio.s
   Uses
      At line 175 in file gpio.s
Comment: GPIO_PORTQ_AMSEL_R used once
GPIO_PORTQ_CR_R 40066524

Symbol: GPIO_PORTQ_CR_R
   Definitions
      At line 106 in file gpio.s
   Uses
      None
Comment: GPIO_PORTQ_CR_R unused
GPIO_PORTQ_DATA_BITS_R 40066000

Symbol: GPIO_PORTQ_DATA_BITS_R
   Definitions
      At line 99 in file gpio.s
   Uses
      None
Comment: GPIO_PORTQ_DATA_BITS_R unused
GPIO_PORTQ_DATA_R 400663FC

Symbol: GPIO_PORTQ_DATA_R
   Definitions
      At line 100 in file gpio.s
   Uses
      At line 330 in file gpio.s
Comment: GPIO_PORTQ_DATA_R used once
GPIO_PORTQ_DEN_R 4006651C

Symbol: GPIO_PORTQ_DEN_R
   Definitions
      At line 104 in file gpio.s
   Uses
      At line 266 in file gpio.s
Comment: GPIO_PORTQ_DEN_R used once
GPIO_PORTQ_DIR_R 40066400

Symbol: GPIO_PORTQ_DIR_R
   Definitions
      At line 101 in file gpio.s
   Uses
      At line 220 in file gpio.s
Comment: GPIO_PORTQ_DIR_R used once
GPIO_PORTQ_LOCK_R 40066520

Symbol: GPIO_PORTQ_LOCK_R
   Definitions
      At line 105 in file gpio.s
   Uses
      None



ARM Macro Assembler    Page 11 Alphabetic symbol ordering
Absolute symbols

Comment: GPIO_PORTQ_LOCK_R unused
GPIO_PORTQ_PCTL_R 4006652C

Symbol: GPIO_PORTQ_PCTL_R
   Definitions
      At line 108 in file gpio.s
   Uses
      At line 195 in file gpio.s
Comment: GPIO_PORTQ_PCTL_R used once
GPIO_PORTQ_PUR_R 40066510

Symbol: GPIO_PORTQ_PUR_R
   Definitions
      At line 103 in file gpio.s
   Uses
      None
Comment: GPIO_PORTQ_PUR_R unused
NVIC_EN1_R E000E104

Symbol: NVIC_EN1_R
   Definitions
      At line 21 in file gpio.s
   Uses
      At line 308 in file gpio.s
Comment: NVIC_EN1_R used once
NVIC_PRI12_R E000E430

Symbol: NVIC_PRI12_R
   Definitions
      At line 22 in file gpio.s
   Uses
      At line 303 in file gpio.s
Comment: NVIC_PRI12_R used once
SYSCTL_PRGPIO_R 400FEA08

Symbol: SYSCTL_PRGPIO_R
   Definitions
      At line 17 in file gpio.s
   Uses
      At line 147 in file gpio.s
Comment: SYSCTL_PRGPIO_R used once
SYSCTL_RCGCGPIO_R 400FE608

Symbol: SYSCTL_RCGCGPIO_R
   Definitions
      At line 16 in file gpio.s
   Uses
      At line 138 in file gpio.s
Comment: SYSCTL_RCGCGPIO_R used once
79 symbols



ARM Macro Assembler    Page 1 Alphabetic symbol ordering
External symbols

DisableInterrupts 00000000

Symbol: DisableInterrupts
   Definitions
      At line 118 in file gpio.s
   Uses
      None
Comment: DisableInterrupts unused
EnableInterrupts 00000000

Symbol: EnableInterrupts
   Definitions
      At line 117 in file gpio.s
   Uses
      None
Comment: EnableInterrupts unused
decrementaAlvo 00000000

Symbol: decrementaAlvo
   Definitions
      At line 127 in file gpio.s
   Uses
      At line 361 in file gpio.s
Comment: decrementaAlvo used once
incrementaAlvo 00000000

Symbol: incrementaAlvo
   Definitions
      At line 126 in file gpio.s
   Uses
      At line 364 in file gpio.s
Comment: incrementaAlvo used once
4 symbols
429 symbols in table
